# JRE version: Java(TM) SE Runtime Environment (8.0_45-b14) (build 1.8.0_45-b14)
# Java VM: Java HotSpot(TM) 64-Bit Server VM (25.45-b02 mixed mode linux-amd64 compressed oops)
Heap:
 PSYoungGen      total 66048K, used 42964K [0x00000000eab00000, 0x00000000f1680000, 0x0000000100000000)
  eden space 32256K, 39% used [0x00000000eab00000,0x00000000eb7761f8,0x00000000eca80000)
  from space 33792K, 89% used [0x00000000eef00000,0x00000000f0c7f878,0x00000000f1000000)
  to   space 37376K, 0% used [0x00000000eca80000,0x00000000eca80000,0x00000000eef00000)
 ParOldGen       total 316416K, used 273394K [0x00000000c0000000, 0x00000000d3500000, 0x00000000eab00000)
  object space 316416K, 86% used [0x00000000c0000000,0x00000000d0afca18,0x00000000d3500000)
 Metaspace       used 169128K, capacity 187546K, committed 188404K, reserved 1212416K
  class space    used 21087K, capacity 26159K, committed 26368K, reserved 1048576K
GC Heap History (10 events):
Event: 13912,858 GC heap before
{Heap before GC invocations=894 (full 20):
 PSYoungGen      total 55808K, used 50664K [0x00000000eab00000, 0x00000000f0680000, 0x0000000100000000)
  eden space 27648K, 97% used [0x00000000eab00000,0x00000000ec533080,0x00000000ec600000)
  from space 28160K, 84% used [0x00000000ec600000,0x00000000edd46fe0,0x00000000ee180000)
  to   space 30208K, 0% used [0x00000000ee900000,0x00000000ee900000,0x00000000f0680000)
 ParOldGen       total 316416K, used 273122K [0x00000000c0000000, 0x00000000d3500000, 0x00000000eab00000)
  object space 316416K, 86% used [0x00000000c0000000,0x00000000d0ab8a18,0x00000000d3500000)
 Metaspace       used 169128K, capacity 187546K, committed 188404K, reserved 1212416K
  class space    used 21087K, capacity 26159K, committed 26368K, reserved 1048576K
Event: 13912,866 GC heap after
Heap after GC invocations=894 (full 20):
 PSYoungGen      total 60928K, used 26705K [0x00000000eab00000, 0x00000000f0b00000, 0x0000000100000000)
  eden space 30720K, 0% used [0x00000000eab00000,0x00000000eab00000,0x00000000ec900000)
  from space 30208K, 88% used [0x00000000ee900000,0x00000000f03146e0,0x00000000f0680000)
  to   space 32768K, 0% used [0x00000000ec900000,0x00000000ec900000,0x00000000ee900000)
 ParOldGen       total 316416K, used 273122K [0x00000000c0000000, 0x00000000d3500000, 0x00000000eab00000)
  object space 316416K, 86% used [0x00000000c0000000,0x00000000d0ab8a18,0x00000000d3500000)
 Metaspace       used 169128K, capacity 187546K, committed 188404K, reserved 1212416K
  class space    used 21087K, capacity 26159K, committed 26368K, reserved 1048576K
}
Event: 13931,801 GC heap before
{Heap before GC invocations=895 (full 20):
 PSYoungGen      total 60928K, used 57290K [0x00000000eab00000, 0x00000000f0b00000, 0x0000000100000000)
  eden space 30720K, 99% used [0x00000000eab00000,0x00000000ec8de380,0x00000000ec900000)
  from space 30208K, 88% used [0x00000000ee900000,0x00000000f03146e0,0x00000000f0680000)
  to   space 32768K, 0% used [0x00000000ec900000,0x00000000ec900000,0x00000000ee900000)
 ParOldGen       total 316416K, used 273122K [0x00000000c0000000, 0x00000000d3500000, 0x00000000eab00000)
  object space 316416K, 86% used [0x00000000c0000000,0x00000000d0ab8a18,0x00000000d3500000)
 Metaspace       used 169128K, capacity 187546K, committed 188404K, reserved 1212416K
  class space    used 21087K, capacity 26159K, committed 26368K, reserved 1048576K
Event: 13931,809 GC heap after
Heap after GC invocations=895 (full 20):
 PSYoungGen      total 63488K, used 27536K [0x00000000eab00000, 0x00000000f1380000, 0x0000000100000000)
  eden space 30720K, 0% used [0x00000000eab00000,0x00000000eab00000,0x00000000ec900000)
  from space 32768K, 84% used [0x00000000ec900000,0x00000000ee3e42e0,0x00000000ee900000)
  to   space 35328K, 0% used [0x00000000ef100000,0x00000000ef100000,0x00000000f1380000)
 ParOldGen       total 316416K, used 273122K [0x00000000c0000000, 0x00000000d3500000, 0x00000000eab00000)
  object space 316416K, 86% used [0x00000000c0000000,0x00000000d0ab8a18,0x00000000d3500000)
 Metaspace       used 169128K, capacity 187546K, committed 188404K, reserved 1212416K
  class space    used 21087K, capacity 26159K, committed 26368K, reserved 1048576K
}
Event: 13934,180 GC heap before
{Heap before GC invocations=896 (full 20):
 PSYoungGen      total 63488K, used 58256K [0x00000000eab00000, 0x00000000f1380000, 0x0000000100000000)
  eden space 30720K, 100% used [0x00000000eab00000,0x00000000ec900000,0x00000000ec900000)
  from space 32768K, 84% used [0x00000000ec900000,0x00000000ee3e42e0,0x00000000ee900000)
  to   space 35328K, 0% used [0x00000000ef100000,0x00000000ef100000,0x00000000f1380000)
 ParOldGen       total 316416K, used 273122K [0x00000000c0000000, 0x00000000d3500000, 0x00000000eab00000)
  object space 316416K, 86% used [0x00000000c0000000,0x00000000d0ab8a18,0x00000000d3500000)
 Metaspace       used 169128K, capacity 187546K, committed 188404K, reserved 1212416K
  class space    used 21087K, capacity 26159K, committed 26368K, reserved 1048576K
Event: 13934,187 GC heap after
Heap after GC invocations=896 (full 20):
 PSYoungGen      total 70656K, used 10092K [0x00000000eab00000, 0x00000000f1280000, 0x0000000100000000)
  eden space 36352K, 0% used [0x00000000eab00000,0x00000000eab00000,0x00000000ece80000)
  from space 34304K, 29% used [0x00000000ef100000,0x00000000efadb168,0x00000000f1280000)
  to   space 34816K, 0% used [0x00000000ece80000,0x00000000ece80000,0x00000000ef080000)
 ParOldGen       total 316416K, used 273282K [0x00000000c0000000, 0x00000000d3500000, 0x00000000eab00000)
  object space 316416K, 86% used [0x00000000c0000000,0x00000000d0ae0a18,0x00000000d3500000)
 Metaspace       used 169128K, capacity 187546K, committed 188404K, reserved 1212416K
  class space    used 21087K, capacity 26159K, committed 26368K, reserved 1048576K
}
Event: 13943,634 GC heap before
{Heap before GC invocations=897 (full 20):
 PSYoungGen      total 70656K, used 44871K [0x00000000eab00000, 0x00000000f1280000, 0x0000000100000000)
  eden space 36352K, 95% used [0x00000000eab00000,0x00000000eccf6c20,0x00000000ece80000)
  from space 34304K, 29% used [0x00000000ef100000,0x00000000efadb168,0x00000000f1280000)
  to   space 34816K, 0% used [0x00000000ece80000,0x00000000ece80000,0x00000000ef080000)
 ParOldGen       total 316416K, used 273282K [0x00000000c0000000, 0x00000000d3500000, 0x00000000eab00000)
  object space 316416K, 86% used [0x00000000c0000000,0x00000000d0ae0a18,0x00000000d3500000)
 Metaspace       used 169128K, capacity 187546K, committed 188404K, reserved 1212416K
  class space    used 21087K, capacity 26159K, committed 26368K, reserved 1048576K
Event: 13943,640 GC heap after
Heap after GC invocations=897 (full 20):
 PSYoungGen      total 49152K, used 12883K [0x00000000eab00000, 0x00000000f1000000, 0x0000000100000000)
  eden space 35840K, 0% used [0x00000000eab00000,0x00000000eab00000,0x00000000ece00000)
  from space 13312K, 96% used [0x00000000ece80000,0x00000000edb14fb8,0x00000000edb80000)
  to   space 33792K, 0% used [0x00000000eef00000,0x00000000eef00000,0x00000000f1000000)
 ParOldGen       total 316416K, used 273394K [0x00000000c0000000, 0x00000000d3500000, 0x00000000eab00000)
  object space 316416K, 86% used [0x00000000c0000000,0x00000000d0afca18,0x00000000d3500000)
 Metaspace       used 169128K, capacity 187546K, committed 188404K, reserved 1212416K
  class space    used 21087K, capacity 26159K, committed 26368K, reserved 1048576K
}
Event: 13962,467 GC heap before
{Heap before GC invocations=898 (full 20):
 PSYoungGen      total 49152K, used 48723K [0x00000000eab00000, 0x00000000f1000000, 0x0000000100000000)
  eden space 35840K, 100% used [0x00000000eab00000,0x00000000ece00000,0x00000000ece00000)
  from space 13312K, 96% used [0x00000000ece80000,0x00000000edb14fb8,0x00000000edb80000)
  to   space 33792K, 0% used [0x00000000eef00000,0x00000000eef00000,0x00000000f1000000)
 ParOldGen       total 316416K, used 273394K [0x00000000c0000000, 0x00000000d3500000, 0x00000000eab00000)
  object space 316416K, 86% used [0x00000000c0000000,0x00000000d0afca18,0x00000000d3500000)
 Metaspace       used 169128K, capacity 187546K, committed 188404K, reserved 1212416K
  class space    used 21087K, capacity 26159K, committed 26368K, reserved 1048576K
Event: 13962,476 GC heap after
Heap after GC invocations=898 (full 20):
 PSYoungGen      total 66048K, used 30206K [0x00000000eab00000, 0x00000000f1680000, 0x0000000100000000)
  eden space 32256K, 0% used [0x00000000eab00000,0x00000000eab00000,0x00000000eca80000)
  from space 33792K, 89% used [0x00000000eef00000,0x00000000f0c7f878,0x00000000f1000000)
  to   space 37376K, 0% used [0x00000000eca80000,0x00000000eca80000,0x00000000eef00000)
 ParOldGen       total 316416K, used 273394K [0x00000000c0000000, 0x00000000d3500000, 0x00000000eab00000)
  object space 316416K, 86% used [0x00000000c0000000,0x00000000d0afca18,0x00000000d3500000)
 Metaspace       used 169128K, capacity 187546K, committed 188404K, reserved 1212416K
  class space    used 21087K, capacity 26159K, committed 26368K, reserved 1048576K
}

